Determining if the pthread_create exist failed with the following output:
Change Dir: /home/jonashaffky/Dokumente/Studium/Programmiersprachen/Uebung/Uebung5/programmiersprachen-raytracer/source/CMakeFiles/CMakeTmp

Run Build Command:"/usr/bin/make" "cmTC_82e2b/fast"
/usr/bin/make -f CMakeFiles/cmTC_82e2b.dir/build.make CMakeFiles/cmTC_82e2b.dir/build
make[1]: Verzeichnis „/home/jonashaffky/Dokumente/Studium/Programmiersprachen/Uebung/Uebung5/programmiersprachen-raytracer/source/CMakeFiles/CMakeTmp“ wird betreten
Building C object CMakeFiles/cmTC_82e2b.dir/CheckSymbolExists.c.o
/usr/bin/cc     -o CMakeFiles/cmTC_82e2b.dir/CheckSymbolExists.c.o   -c /home/jonashaffky/Dokumente/Studium/Programmiersprachen/Uebung/Uebung5/programmiersprachen-raytracer/source/CMakeFiles/CMakeTmp/CheckSymbolExists.c
Linking C executable cmTC_82e2b
/usr/bin/cmake -E cmake_link_script CMakeFiles/cmTC_82e2b.dir/link.txt --verbose=1
/usr/bin/cc       CMakeFiles/cmTC_82e2b.dir/CheckSymbolExists.c.o  -o cmTC_82e2b -rdynamic 
CMakeFiles/cmTC_82e2b.dir/CheckSymbolExists.c.o: In Funktion `main':
CheckSymbolExists.c:(.text+0x16): Nicht definierter Verweis auf `pthread_create'
collect2: error: ld returned 1 exit status
CMakeFiles/cmTC_82e2b.dir/build.make:97: die Regel für Ziel „cmTC_82e2b“ scheiterte
make[1]: *** [cmTC_82e2b] Fehler 1
make[1]: Verzeichnis „/home/jonashaffky/Dokumente/Studium/Programmiersprachen/Uebung/Uebung5/programmiersprachen-raytracer/source/CMakeFiles/CMakeTmp“ wird verlassen
Makefile:126: die Regel für Ziel „cmTC_82e2b/fast“ scheiterte
make: *** [cmTC_82e2b/fast] Fehler 2

File /home/jonashaffky/Dokumente/Studium/Programmiersprachen/Uebung/Uebung5/programmiersprachen-raytracer/source/CMakeFiles/CMakeTmp/CheckSymbolExists.c:
/* */
#include <pthread.h>

int main(int argc, char** argv)
{
  (void)argv;
#ifndef pthread_create
  return ((int*)(&pthread_create))[argc];
#else
  (void)argc;
  return 0;
#endif
}

Determining if the function pthread_create exists in the pthreads failed with the following output:
Change Dir: /home/jonashaffky/Dokumente/Studium/Programmiersprachen/Uebung/Uebung5/programmiersprachen-raytracer/source/CMakeFiles/CMakeTmp

Run Build Command:"/usr/bin/make" "cmTC_61085/fast"
/usr/bin/make -f CMakeFiles/cmTC_61085.dir/build.make CMakeFiles/cmTC_61085.dir/build
make[1]: Verzeichnis „/home/jonashaffky/Dokumente/Studium/Programmiersprachen/Uebung/Uebung5/programmiersprachen-raytracer/source/CMakeFiles/CMakeTmp“ wird betreten
Building C object CMakeFiles/cmTC_61085.dir/CheckFunctionExists.c.o
/usr/bin/cc    -DCHECK_FUNCTION_EXISTS=pthread_create   -o CMakeFiles/cmTC_61085.dir/CheckFunctionExists.c.o   -c /usr/share/cmake-3.5/Modules/CheckFunctionExists.c
Linking C executable cmTC_61085
/usr/bin/cmake -E cmake_link_script CMakeFiles/cmTC_61085.dir/link.txt --verbose=1
/usr/bin/cc   -DCHECK_FUNCTION_EXISTS=pthread_create    CMakeFiles/cmTC_61085.dir/CheckFunctionExists.c.o  -o cmTC_61085 -rdynamic -lpthreads 
/usr/bin/ld: cannot find -lpthreads
collect2: error: ld returned 1 exit status
CMakeFiles/cmTC_61085.dir/build.make:97: die Regel für Ziel „cmTC_61085“ scheiterte
make[1]: *** [cmTC_61085] Fehler 1
make[1]: Verzeichnis „/home/jonashaffky/Dokumente/Studium/Programmiersprachen/Uebung/Uebung5/programmiersprachen-raytracer/source/CMakeFiles/CMakeTmp“ wird verlassen
Makefile:126: die Regel für Ziel „cmTC_61085/fast“ scheiterte
make: *** [cmTC_61085/fast] Fehler 2


